Compiling the C compiler identification source file "CMakeCCompilerId.c" failed.
Compiler: /home/john/opt/cross/bin/i686-elf-gcc 
Build flags: 
Id flags:  

The output was:
1
/home/john/opt/cross/lib/gcc/i686-elf/11.1.0/../../../../i686-elf/bin/ld: cannot find crt0.o: No such file or directory
/home/john/opt/cross/lib/gcc/i686-elf/11.1.0/../../../../i686-elf/bin/ld: cannot find -lc
collect2: error: ld returned 1 exit status


Compiling the CXX compiler identification source file "CMakeCXXCompilerId.cpp" failed.
Compiler: /home/john/opt/cross/bin/i686-elf-g++ 
Build flags: 
Id flags:  

The output was:
1
/home/john/opt/cross/lib/gcc/i686-elf/11.1.0/../../../../i686-elf/bin/ld: cannot find crt0.o: No such file or directory
/home/john/opt/cross/lib/gcc/i686-elf/11.1.0/../../../../i686-elf/bin/ld: cannot find -lstdc++
/home/john/opt/cross/lib/gcc/i686-elf/11.1.0/../../../../i686-elf/bin/ld: cannot find -lm
/home/john/opt/cross/lib/gcc/i686-elf/11.1.0/../../../../i686-elf/bin/ld: cannot find -lc
collect2: error: ld returned 1 exit status


