The system is: Linux - 5.4.0-73-generic - x86_64
Compiling the C compiler identification source file "CMakeCCompilerId.c" succeeded.
Compiler: /home/john/opt/cross/bin/i686-elf-gcc 
Build flags: 
Id flags: -c 

The output was:
0


Compilation of the C compiler identification source "CMakeCCompilerId.c" produced "CMakeCCompilerId.o"

The C compiler identification is GNU, found in "/home/john/Desktop/DongOS/src/cmake-build-os/CMakeFiles/3.19.2/CompilerIdC/CMakeCCompilerId.o"

Compiling the CXX compiler identification source file "CMakeCXXCompilerId.cpp" succeeded.
Compiler: /home/john/opt/cross/bin/i686-elf-g++ 
Build flags: 
Id flags: -c 

The output was:
0


Compilation of the CXX compiler identification source "CMakeCXXCompilerId.cpp" produced "CMakeCXXCompilerId.o"

The CXX compiler identification is GNU, found in "/home/john/Desktop/DongOS/src/cmake-build-os/CMakeFiles/3.19.2/CompilerIdCXX/CMakeCXXCompilerId.o"

Detecting C compiler ABI info compiled with the following output:
Change Dir: /home/john/Desktop/DongOS/src/cmake-build-os/CMakeFiles/CMakeTmp

Run Build Command(s):/usr/bin/make cmTC_7200f/fast && /usr/bin/make  -f CMakeFiles/cmTC_7200f.dir/build.make CMakeFiles/cmTC_7200f.dir/build
make[1]: Entering directory '/home/john/Desktop/DongOS/src/cmake-build-os/CMakeFiles/CMakeTmp'
Building C object CMakeFiles/cmTC_7200f.dir/CMakeCCompilerABI.c.o
/home/john/opt/cross/bin/i686-elf-gcc   -v -o CMakeFiles/cmTC_7200f.dir/CMakeCCompilerABI.c.o -c /snap/clion/152/bin/cmake/linux/share/cmake-3.19/Modules/CMakeCCompilerABI.c
Using built-in specs.
COLLECT_GCC=/home/john/opt/cross/bin/i686-elf-gcc
Target: i686-elf
Configured with: ../gcc-11.1.0/configure --target=i686-elf --prefix=/home/john/opt/cross --disable-nls --enable-languages=c,c++ --without-headers
Thread model: single
Supported LTO compression algorithms: zlib
gcc version 11.1.0 (GCC) 
COLLECT_GCC_OPTIONS='-v' '-o' 'CMakeFiles/cmTC_7200f.dir/CMakeCCompilerABI.c.o' '-c' '-mtune=generic' '-march=pentiumpro' '-dumpdir' 'CMakeFiles/cmTC_7200f.dir/'
 /home/john/opt/cross/libexec/gcc/i686-elf/11.1.0/cc1 -quiet -v /snap/clion/152/bin/cmake/linux/share/cmake-3.19/Modules/CMakeCCompilerABI.c -quiet -dumpdir CMakeFiles/cmTC_7200f.dir/ -dumpbase CMakeCCompilerABI.c.c -dumpbase-ext .c -mtune=generic -march=pentiumpro -version -o /tmp/ccvMVqNy.s
GNU C17 (GCC) version 11.1.0 (i686-elf)
	compiled by GNU C version 7.5.0, GMP version 6.1.2, MPFR version 4.0.1, MPC version 1.1.0, isl version none
GGC heuristics: --param ggc-min-expand=100 --param ggc-min-heapsize=131072
ignoring nonexistent directory "/home/john/opt/cross/lib/gcc/i686-elf/11.1.0/../../../../i686-elf/sys-include"
ignoring nonexistent directory "/home/john/opt/cross/lib/gcc/i686-elf/11.1.0/../../../../i686-elf/include"
#include "..." search starts here:
#include <...> search starts here:
 /home/john/opt/cross/lib/gcc/i686-elf/11.1.0/include
 /home/john/opt/cross/lib/gcc/i686-elf/11.1.0/include-fixed
End of search list.
GNU C17 (GCC) version 11.1.0 (i686-elf)
	compiled by GNU C version 7.5.0, GMP version 6.1.2, MPFR version 4.0.1, MPC version 1.1.0, isl version none
GGC heuristics: --param ggc-min-expand=100 --param ggc-min-heapsize=131072
Compiler executable checksum: b330e935db3958350779f255513e3f22
COLLECT_GCC_OPTIONS='-v' '-o' 'CMakeFiles/cmTC_7200f.dir/CMakeCCompilerABI.c.o' '-c' '-mtune=generic' '-march=pentiumpro' '-dumpdir' 'CMakeFiles/cmTC_7200f.dir/'
 /home/john/opt/cross/lib/gcc/i686-elf/11.1.0/../../../../i686-elf/bin/as -o CMakeFiles/cmTC_7200f.dir/CMakeCCompilerABI.c.o /tmp/ccvMVqNy.s
COMPILER_PATH=/home/john/opt/cross/libexec/gcc/i686-elf/11.1.0/:/home/john/opt/cross/libexec/gcc/i686-elf/11.1.0/:/home/john/opt/cross/libexec/gcc/i686-elf/:/home/john/opt/cross/lib/gcc/i686-elf/11.1.0/:/home/john/opt/cross/lib/gcc/i686-elf/:/home/john/opt/cross/lib/gcc/i686-elf/11.1.0/../../../../i686-elf/bin/
LIBRARY_PATH=/home/john/opt/cross/lib/gcc/i686-elf/11.1.0/:/home/john/opt/cross/lib/gcc/i686-elf/11.1.0/../../../../i686-elf/lib/
COLLECT_GCC_OPTIONS='-v' '-o' 'CMakeFiles/cmTC_7200f.dir/CMakeCCompilerABI.c.o' '-c' '-mtune=generic' '-march=pentiumpro' '-dumpdir' 'CMakeFiles/cmTC_7200f.dir/CMakeCCompilerABI.c.'
Linking C static library libcmTC_7200f.a
/snap/clion/152/bin/cmake/linux/bin/cmake -P CMakeFiles/cmTC_7200f.dir/cmake_clean_target.cmake
/snap/clion/152/bin/cmake/linux/bin/cmake -E cmake_link_script CMakeFiles/cmTC_7200f.dir/link.txt --verbose=1
/home/john/opt/cross/bin/i686-elf-ar qc libcmTC_7200f.a CMakeFiles/cmTC_7200f.dir/CMakeCCompilerABI.c.o
/home/john/opt/cross/bin/i686-elf-ranlib libcmTC_7200f.a
make[1]: Leaving directory '/home/john/Desktop/DongOS/src/cmake-build-os/CMakeFiles/CMakeTmp'



Parsed C implicit include dir info from above output: rv=done
  found start of include info
  found start of implicit include info
    add: [/home/john/opt/cross/lib/gcc/i686-elf/11.1.0/include]
    add: [/home/john/opt/cross/lib/gcc/i686-elf/11.1.0/include-fixed]
  end of search list found
  collapse include dir [/home/john/opt/cross/lib/gcc/i686-elf/11.1.0/include] ==> [/home/john/opt/cross/lib/gcc/i686-elf/11.1.0/include]
  collapse include dir [/home/john/opt/cross/lib/gcc/i686-elf/11.1.0/include-fixed] ==> [/home/john/opt/cross/lib/gcc/i686-elf/11.1.0/include-fixed]
  implicit include dirs: [/home/john/opt/cross/lib/gcc/i686-elf/11.1.0/include;/home/john/opt/cross/lib/gcc/i686-elf/11.1.0/include-fixed]


Parsed C implicit link information from above output:
  link line regex: [^( *|.*[/\])(i686-elf-ld|CMAKE_LINK_STARTFILE-NOTFOUND|([^/\]+-)?ld|collect2)[^/\]*( |$)]
  ignore line: [Change Dir: /home/john/Desktop/DongOS/src/cmake-build-os/CMakeFiles/CMakeTmp]
  ignore line: []
  ignore line: [Run Build Command(s):/usr/bin/make cmTC_7200f/fast && /usr/bin/make  -f CMakeFiles/cmTC_7200f.dir/build.make CMakeFiles/cmTC_7200f.dir/build]
  ignore line: [make[1]: Entering directory '/home/john/Desktop/DongOS/src/cmake-build-os/CMakeFiles/CMakeTmp']
  ignore line: [Building C object CMakeFiles/cmTC_7200f.dir/CMakeCCompilerABI.c.o]
  ignore line: [/home/john/opt/cross/bin/i686-elf-gcc   -v -o CMakeFiles/cmTC_7200f.dir/CMakeCCompilerABI.c.o -c /snap/clion/152/bin/cmake/linux/share/cmake-3.19/Modules/CMakeCCompilerABI.c]
  ignore line: [Using built-in specs.]
  ignore line: [COLLECT_GCC=/home/john/opt/cross/bin/i686-elf-gcc]
  ignore line: [Target: i686-elf]
  ignore line: [Configured with: ../gcc-11.1.0/configure --target=i686-elf --prefix=/home/john/opt/cross --disable-nls --enable-languages=c c++ --without-headers]
  ignore line: [Thread model: single]
  ignore line: [Supported LTO compression algorithms: zlib]
  ignore line: [gcc version 11.1.0 (GCC) ]
  ignore line: [COLLECT_GCC_OPTIONS='-v' '-o' 'CMakeFiles/cmTC_7200f.dir/CMakeCCompilerABI.c.o' '-c' '-mtune=generic' '-march=pentiumpro' '-dumpdir' 'CMakeFiles/cmTC_7200f.dir/']
  ignore line: [ /home/john/opt/cross/libexec/gcc/i686-elf/11.1.0/cc1 -quiet -v /snap/clion/152/bin/cmake/linux/share/cmake-3.19/Modules/CMakeCCompilerABI.c -quiet -dumpdir CMakeFiles/cmTC_7200f.dir/ -dumpbase CMakeCCompilerABI.c.c -dumpbase-ext .c -mtune=generic -march=pentiumpro -version -o /tmp/ccvMVqNy.s]
  ignore line: [GNU C17 (GCC) version 11.1.0 (i686-elf)]
  ignore line: [	compiled by GNU C version 7.5.0  GMP version 6.1.2  MPFR version 4.0.1  MPC version 1.1.0  isl version none]
  ignore line: [GGC heuristics: --param ggc-min-expand=100 --param ggc-min-heapsize=131072]
  ignore line: [ignoring nonexistent directory "/home/john/opt/cross/lib/gcc/i686-elf/11.1.0/../../../../i686-elf/sys-include"]
  ignore line: [ignoring nonexistent directory "/home/john/opt/cross/lib/gcc/i686-elf/11.1.0/../../../../i686-elf/include"]
  ignore line: [#include "..." search starts here:]
  ignore line: [#include <...> search starts here:]
  ignore line: [ /home/john/opt/cross/lib/gcc/i686-elf/11.1.0/include]
  ignore line: [ /home/john/opt/cross/lib/gcc/i686-elf/11.1.0/include-fixed]
  ignore line: [End of search list.]
  ignore line: [GNU C17 (GCC) version 11.1.0 (i686-elf)]
  ignore line: [	compiled by GNU C version 7.5.0  GMP version 6.1.2  MPFR version 4.0.1  MPC version 1.1.0  isl version none]
  ignore line: [GGC heuristics: --param ggc-min-expand=100 --param ggc-min-heapsize=131072]
  ignore line: [Compiler executable checksum: b330e935db3958350779f255513e3f22]
  ignore line: [COLLECT_GCC_OPTIONS='-v' '-o' 'CMakeFiles/cmTC_7200f.dir/CMakeCCompilerABI.c.o' '-c' '-mtune=generic' '-march=pentiumpro' '-dumpdir' 'CMakeFiles/cmTC_7200f.dir/']
  ignore line: [ /home/john/opt/cross/lib/gcc/i686-elf/11.1.0/../../../../i686-elf/bin/as -o CMakeFiles/cmTC_7200f.dir/CMakeCCompilerABI.c.o /tmp/ccvMVqNy.s]
  ignore line: [COMPILER_PATH=/home/john/opt/cross/libexec/gcc/i686-elf/11.1.0/:/home/john/opt/cross/libexec/gcc/i686-elf/11.1.0/:/home/john/opt/cross/libexec/gcc/i686-elf/:/home/john/opt/cross/lib/gcc/i686-elf/11.1.0/:/home/john/opt/cross/lib/gcc/i686-elf/:/home/john/opt/cross/lib/gcc/i686-elf/11.1.0/../../../../i686-elf/bin/]
  ignore line: [LIBRARY_PATH=/home/john/opt/cross/lib/gcc/i686-elf/11.1.0/:/home/john/opt/cross/lib/gcc/i686-elf/11.1.0/../../../../i686-elf/lib/]
  ignore line: [COLLECT_GCC_OPTIONS='-v' '-o' 'CMakeFiles/cmTC_7200f.dir/CMakeCCompilerABI.c.o' '-c' '-mtune=generic' '-march=pentiumpro' '-dumpdir' 'CMakeFiles/cmTC_7200f.dir/CMakeCCompilerABI.c.']
  ignore line: [Linking C static library libcmTC_7200f.a]
  ignore line: [/snap/clion/152/bin/cmake/linux/bin/cmake -P CMakeFiles/cmTC_7200f.dir/cmake_clean_target.cmake]
  ignore line: [/snap/clion/152/bin/cmake/linux/bin/cmake -E cmake_link_script CMakeFiles/cmTC_7200f.dir/link.txt --verbose=1]
  ignore line: [/home/john/opt/cross/bin/i686-elf-ar qc libcmTC_7200f.a CMakeFiles/cmTC_7200f.dir/CMakeCCompilerABI.c.o]
  ignore line: [/home/john/opt/cross/bin/i686-elf-ranlib libcmTC_7200f.a]
  ignore line: [make[1]: Leaving directory '/home/john/Desktop/DongOS/src/cmake-build-os/CMakeFiles/CMakeTmp']
  ignore line: []
  ignore line: []
  implicit libs: []
  implicit dirs: []
  implicit fwks: []


Detecting CXX compiler ABI info compiled with the following output:
Change Dir: /home/john/Desktop/DongOS/src/cmake-build-os/CMakeFiles/CMakeTmp

Run Build Command(s):/usr/bin/make cmTC_a8af8/fast && /usr/bin/make  -f CMakeFiles/cmTC_a8af8.dir/build.make CMakeFiles/cmTC_a8af8.dir/build
make[1]: Entering directory '/home/john/Desktop/DongOS/src/cmake-build-os/CMakeFiles/CMakeTmp'
Building CXX object CMakeFiles/cmTC_a8af8.dir/CMakeCXXCompilerABI.cpp.o
/home/john/opt/cross/bin/i686-elf-g++   -v -o CMakeFiles/cmTC_a8af8.dir/CMakeCXXCompilerABI.cpp.o -c /snap/clion/152/bin/cmake/linux/share/cmake-3.19/Modules/CMakeCXXCompilerABI.cpp
Using built-in specs.
COLLECT_GCC=/home/john/opt/cross/bin/i686-elf-g++
Target: i686-elf
Configured with: ../gcc-11.1.0/configure --target=i686-elf --prefix=/home/john/opt/cross --disable-nls --enable-languages=c,c++ --without-headers
Thread model: single
Supported LTO compression algorithms: zlib
gcc version 11.1.0 (GCC) 
COLLECT_GCC_OPTIONS='-v' '-o' 'CMakeFiles/cmTC_a8af8.dir/CMakeCXXCompilerABI.cpp.o' '-c' '-mtune=generic' '-march=pentiumpro' '-dumpdir' 'CMakeFiles/cmTC_a8af8.dir/'
 /home/john/opt/cross/libexec/gcc/i686-elf/11.1.0/cc1plus -quiet -v /snap/clion/152/bin/cmake/linux/share/cmake-3.19/Modules/CMakeCXXCompilerABI.cpp -quiet -dumpdir CMakeFiles/cmTC_a8af8.dir/ -dumpbase CMakeCXXCompilerABI.cpp.cpp -dumpbase-ext .cpp -mtune=generic -march=pentiumpro -version -o /tmp/ccq3brgM.s
GNU C++17 (GCC) version 11.1.0 (i686-elf)
	compiled by GNU C version 7.5.0, GMP version 6.1.2, MPFR version 4.0.1, MPC version 1.1.0, isl version none
GGC heuristics: --param ggc-min-expand=100 --param ggc-min-heapsize=131072
ignoring nonexistent directory "/home/john/opt/cross/lib/gcc/i686-elf/11.1.0/../../../../i686-elf/include/c++/11.1.0"
ignoring nonexistent directory "/home/john/opt/cross/lib/gcc/i686-elf/11.1.0/../../../../i686-elf/include/c++/11.1.0/i686-elf"
ignoring nonexistent directory "/home/john/opt/cross/lib/gcc/i686-elf/11.1.0/../../../../i686-elf/include/c++/11.1.0/backward"
ignoring nonexistent directory "/home/john/opt/cross/lib/gcc/i686-elf/11.1.0/../../../../i686-elf/sys-include"
ignoring nonexistent directory "/home/john/opt/cross/lib/gcc/i686-elf/11.1.0/../../../../i686-elf/include"
#include "..." search starts here:
#include <...> search starts here:
 /home/john/opt/cross/lib/gcc/i686-elf/11.1.0/include
 /home/john/opt/cross/lib/gcc/i686-elf/11.1.0/include-fixed
End of search list.
GNU C++17 (GCC) version 11.1.0 (i686-elf)
	compiled by GNU C version 7.5.0, GMP version 6.1.2, MPFR version 4.0.1, MPC version 1.1.0, isl version none
GGC heuristics: --param ggc-min-expand=100 --param ggc-min-heapsize=131072
Compiler executable checksum: 6ed3f2f2a7eab6933922c25a43a2f060
COLLECT_GCC_OPTIONS='-v' '-o' 'CMakeFiles/cmTC_a8af8.dir/CMakeCXXCompilerABI.cpp.o' '-c' '-mtune=generic' '-march=pentiumpro' '-dumpdir' 'CMakeFiles/cmTC_a8af8.dir/'
 /home/john/opt/cross/lib/gcc/i686-elf/11.1.0/../../../../i686-elf/bin/as -o CMakeFiles/cmTC_a8af8.dir/CMakeCXXCompilerABI.cpp.o /tmp/ccq3brgM.s
COMPILER_PATH=/home/john/opt/cross/libexec/gcc/i686-elf/11.1.0/:/home/john/opt/cross/libexec/gcc/i686-elf/11.1.0/:/home/john/opt/cross/libexec/gcc/i686-elf/:/home/john/opt/cross/lib/gcc/i686-elf/11.1.0/:/home/john/opt/cross/lib/gcc/i686-elf/:/home/john/opt/cross/lib/gcc/i686-elf/11.1.0/../../../../i686-elf/bin/
LIBRARY_PATH=/home/john/opt/cross/lib/gcc/i686-elf/11.1.0/:/home/john/opt/cross/lib/gcc/i686-elf/11.1.0/../../../../i686-elf/lib/
COLLECT_GCC_OPTIONS='-v' '-o' 'CMakeFiles/cmTC_a8af8.dir/CMakeCXXCompilerABI.cpp.o' '-c' '-mtune=generic' '-march=pentiumpro' '-dumpdir' 'CMakeFiles/cmTC_a8af8.dir/CMakeCXXCompilerABI.cpp.'
Linking CXX static library libcmTC_a8af8.a
/snap/clion/152/bin/cmake/linux/bin/cmake -P CMakeFiles/cmTC_a8af8.dir/cmake_clean_target.cmake
/snap/clion/152/bin/cmake/linux/bin/cmake -E cmake_link_script CMakeFiles/cmTC_a8af8.dir/link.txt --verbose=1
/home/john/opt/cross/bin/i686-elf-ar qc libcmTC_a8af8.a CMakeFiles/cmTC_a8af8.dir/CMakeCXXCompilerABI.cpp.o
/home/john/opt/cross/bin/i686-elf-ranlib libcmTC_a8af8.a
make[1]: Leaving directory '/home/john/Desktop/DongOS/src/cmake-build-os/CMakeFiles/CMakeTmp'



Parsed CXX implicit include dir info from above output: rv=done
  found start of include info
  found start of implicit include info
    add: [/home/john/opt/cross/lib/gcc/i686-elf/11.1.0/include]
    add: [/home/john/opt/cross/lib/gcc/i686-elf/11.1.0/include-fixed]
  end of search list found
  collapse include dir [/home/john/opt/cross/lib/gcc/i686-elf/11.1.0/include] ==> [/home/john/opt/cross/lib/gcc/i686-elf/11.1.0/include]
  collapse include dir [/home/john/opt/cross/lib/gcc/i686-elf/11.1.0/include-fixed] ==> [/home/john/opt/cross/lib/gcc/i686-elf/11.1.0/include-fixed]
  implicit include dirs: [/home/john/opt/cross/lib/gcc/i686-elf/11.1.0/include;/home/john/opt/cross/lib/gcc/i686-elf/11.1.0/include-fixed]


Parsed CXX implicit link information from above output:
  link line regex: [^( *|.*[/\])(i686-elf-ld|CMAKE_LINK_STARTFILE-NOTFOUND|([^/\]+-)?ld|collect2)[^/\]*( |$)]
  ignore line: [Change Dir: /home/john/Desktop/DongOS/src/cmake-build-os/CMakeFiles/CMakeTmp]
  ignore line: []
  ignore line: [Run Build Command(s):/usr/bin/make cmTC_a8af8/fast && /usr/bin/make  -f CMakeFiles/cmTC_a8af8.dir/build.make CMakeFiles/cmTC_a8af8.dir/build]
  ignore line: [make[1]: Entering directory '/home/john/Desktop/DongOS/src/cmake-build-os/CMakeFiles/CMakeTmp']
  ignore line: [Building CXX object CMakeFiles/cmTC_a8af8.dir/CMakeCXXCompilerABI.cpp.o]
  ignore line: [/home/john/opt/cross/bin/i686-elf-g++   -v -o CMakeFiles/cmTC_a8af8.dir/CMakeCXXCompilerABI.cpp.o -c /snap/clion/152/bin/cmake/linux/share/cmake-3.19/Modules/CMakeCXXCompilerABI.cpp]
  ignore line: [Using built-in specs.]
  ignore line: [COLLECT_GCC=/home/john/opt/cross/bin/i686-elf-g++]
  ignore line: [Target: i686-elf]
  ignore line: [Configured with: ../gcc-11.1.0/configure --target=i686-elf --prefix=/home/john/opt/cross --disable-nls --enable-languages=c c++ --without-headers]
  ignore line: [Thread model: single]
  ignore line: [Supported LTO compression algorithms: zlib]
  ignore line: [gcc version 11.1.0 (GCC) ]
  ignore line: [COLLECT_GCC_OPTIONS='-v' '-o' 'CMakeFiles/cmTC_a8af8.dir/CMakeCXXCompilerABI.cpp.o' '-c' '-mtune=generic' '-march=pentiumpro' '-dumpdir' 'CMakeFiles/cmTC_a8af8.dir/']
  ignore line: [ /home/john/opt/cross/libexec/gcc/i686-elf/11.1.0/cc1plus -quiet -v /snap/clion/152/bin/cmake/linux/share/cmake-3.19/Modules/CMakeCXXCompilerABI.cpp -quiet -dumpdir CMakeFiles/cmTC_a8af8.dir/ -dumpbase CMakeCXXCompilerABI.cpp.cpp -dumpbase-ext .cpp -mtune=generic -march=pentiumpro -version -o /tmp/ccq3brgM.s]
  ignore line: [GNU C++17 (GCC) version 11.1.0 (i686-elf)]
  ignore line: [	compiled by GNU C version 7.5.0  GMP version 6.1.2  MPFR version 4.0.1  MPC version 1.1.0  isl version none]
  ignore line: [GGC heuristics: --param ggc-min-expand=100 --param ggc-min-heapsize=131072]
  ignore line: [ignoring nonexistent directory "/home/john/opt/cross/lib/gcc/i686-elf/11.1.0/../../../../i686-elf/include/c++/11.1.0"]
  ignore line: [ignoring nonexistent directory "/home/john/opt/cross/lib/gcc/i686-elf/11.1.0/../../../../i686-elf/include/c++/11.1.0/i686-elf"]
  ignore line: [ignoring nonexistent directory "/home/john/opt/cross/lib/gcc/i686-elf/11.1.0/../../../../i686-elf/include/c++/11.1.0/backward"]
  ignore line: [ignoring nonexistent directory "/home/john/opt/cross/lib/gcc/i686-elf/11.1.0/../../../../i686-elf/sys-include"]
  ignore line: [ignoring nonexistent directory "/home/john/opt/cross/lib/gcc/i686-elf/11.1.0/../../../../i686-elf/include"]
  ignore line: [#include "..." search starts here:]
  ignore line: [#include <...> search starts here:]
  ignore line: [ /home/john/opt/cross/lib/gcc/i686-elf/11.1.0/include]
  ignore line: [ /home/john/opt/cross/lib/gcc/i686-elf/11.1.0/include-fixed]
  ignore line: [End of search list.]
  ignore line: [GNU C++17 (GCC) version 11.1.0 (i686-elf)]
  ignore line: [	compiled by GNU C version 7.5.0  GMP version 6.1.2  MPFR version 4.0.1  MPC version 1.1.0  isl version none]
  ignore line: [GGC heuristics: --param ggc-min-expand=100 --param ggc-min-heapsize=131072]
  ignore line: [Compiler executable checksum: 6ed3f2f2a7eab6933922c25a43a2f060]
  ignore line: [COLLECT_GCC_OPTIONS='-v' '-o' 'CMakeFiles/cmTC_a8af8.dir/CMakeCXXCompilerABI.cpp.o' '-c' '-mtune=generic' '-march=pentiumpro' '-dumpdir' 'CMakeFiles/cmTC_a8af8.dir/']
  ignore line: [ /home/john/opt/cross/lib/gcc/i686-elf/11.1.0/../../../../i686-elf/bin/as -o CMakeFiles/cmTC_a8af8.dir/CMakeCXXCompilerABI.cpp.o /tmp/ccq3brgM.s]
  ignore line: [COMPILER_PATH=/home/john/opt/cross/libexec/gcc/i686-elf/11.1.0/:/home/john/opt/cross/libexec/gcc/i686-elf/11.1.0/:/home/john/opt/cross/libexec/gcc/i686-elf/:/home/john/opt/cross/lib/gcc/i686-elf/11.1.0/:/home/john/opt/cross/lib/gcc/i686-elf/:/home/john/opt/cross/lib/gcc/i686-elf/11.1.0/../../../../i686-elf/bin/]
  ignore line: [LIBRARY_PATH=/home/john/opt/cross/lib/gcc/i686-elf/11.1.0/:/home/john/opt/cross/lib/gcc/i686-elf/11.1.0/../../../../i686-elf/lib/]
  ignore line: [COLLECT_GCC_OPTIONS='-v' '-o' 'CMakeFiles/cmTC_a8af8.dir/CMakeCXXCompilerABI.cpp.o' '-c' '-mtune=generic' '-march=pentiumpro' '-dumpdir' 'CMakeFiles/cmTC_a8af8.dir/CMakeCXXCompilerABI.cpp.']
  ignore line: [Linking CXX static library libcmTC_a8af8.a]
  ignore line: [/snap/clion/152/bin/cmake/linux/bin/cmake -P CMakeFiles/cmTC_a8af8.dir/cmake_clean_target.cmake]
  ignore line: [/snap/clion/152/bin/cmake/linux/bin/cmake -E cmake_link_script CMakeFiles/cmTC_a8af8.dir/link.txt --verbose=1]
  ignore line: [/home/john/opt/cross/bin/i686-elf-ar qc libcmTC_a8af8.a CMakeFiles/cmTC_a8af8.dir/CMakeCXXCompilerABI.cpp.o]
  ignore line: [/home/john/opt/cross/bin/i686-elf-ranlib libcmTC_a8af8.a]
  ignore line: [make[1]: Leaving directory '/home/john/Desktop/DongOS/src/cmake-build-os/CMakeFiles/CMakeTmp']
  ignore line: []
  ignore line: []
  implicit libs: []
  implicit dirs: []
  implicit fwks: []


Checking whether the ASM compiler is GNU using "--version" matched "(GNU assembler)|(GCC)|(Free Software Foundation)":
i686-elf-gcc (GCC) 11.1.0
Copyright (C) 2021 Free Software Foundation, Inc.
This is free software; see the source for copying conditions.  There is NO
warranty; not even for MERCHANTABILITY or FITNESS FOR A PARTICULAR PURPOSE.

